<?xml version="1.0" encoding="UTF-8"?>
<!-- Generated by org.testng.reporters.JUnitReportReporter -->
<testsuite skipped="0" hostname="DESKTOP-KGFLCP8" name="script.Testorg" tests="1" failures="0" timestamp="11 Oct 2018 07:00:32 GMT" time="148.112" errors="0">
  <testcase name="testA" time="148.112" classname="script.Testorg"/>
</testsuite> <!-- script.Testorg -->
