<?xml version="1.0" encoding="UTF-8"?>
<!-- Generated by org.testng.reporters.JUnitReportReporter -->
<testsuite skipped="0" hostname="DESKTOP-KGFLCP8" name="script.TestDemo" tests="1" failures="0" timestamp="27 Sep 2018 06:39:09 GMT" time="152.240" errors="0">
  <testcase name="testA" time="152.240" classname="script.TestDemo"/>
</testsuite> <!-- script.TestDemo -->
