<?xml version="1.0" encoding="UTF-8"?>
<!-- Generated by org.testng.reporters.JUnitReportReporter -->
<testsuite skipped="0" hostname="DESKTOP-KGFLCP8" name="script.TestDemo2" tests="1" failures="0" timestamp="29 Sep 2018 05:21:55 GMT" time="96.747" errors="0">
  <testcase name="testA" time="96.747" classname="script.TestDemo2"/>
</testsuite> <!-- script.TestDemo2 -->
