<?xml version="1.0" encoding="UTF-8"?>
<!-- Generated by org.testng.reporters.JUnitReportReporter -->
<testsuite skipped="0" hostname="DESKTOP-KGFLCP8" name="script.TestDemo" tests="1" failures="0" timestamp="26 Sep 2018 09:42:43 GMT" time="97.250" errors="0">
  <testcase name="testA" time="97.250" classname="script.TestDemo"/>
</testsuite> <!-- script.TestDemo -->
