<?xml version="1.0" encoding="UTF-8"?>
<!-- Generated by org.testng.reporters.JUnitReportReporter -->
<testsuite skipped="0" hostname="DESKTOP-KGFLCP8" name="script.TestDemo2" tests="1" failures="0" timestamp="01 Oct 2018 14:36:23 GMT" time="112.427" errors="0">
  <testcase name="testA" time="112.427" classname="script.TestDemo2"/>
</testsuite> <!-- script.TestDemo2 -->
